[debug] [2024-10-14T14:00:59.052Z] ----------------------------------------------------------------------
[debug] [2024-10-14T14:00:59.058Z] Command:       /usr/local/bin/firebase /home/zeus/.cache/firebase/tools/lib/node_modules/firebase-tools/lib/bin/firebase deploy
[debug] [2024-10-14T14:00:59.059Z] CLI Version:   13.22.0
[debug] [2024-10-14T14:00:59.060Z] Platform:      linux
[debug] [2024-10-14T14:00:59.061Z] Node Version:  v18.5.0
[debug] [2024-10-14T14:00:59.070Z] Time:          Mon Oct 14 2024 15:00:59 GMT+0100 (British Summer Time)
[debug] [2024-10-14T14:00:59.071Z] ----------------------------------------------------------------------
[debug] 
[debug] [2024-10-14T14:00:59.269Z] > command requires scopes: ["email","openid","https://www.googleapis.com/auth/cloudplatformprojects.readonly","https://www.googleapis.com/auth/firebase","https://www.googleapis.com/auth/cloud-platform"]
[debug] [2024-10-14T14:00:59.271Z] > authorizing via signed-in user (codexapp44@gmail.com)
[debug] [2024-10-14T14:00:59.272Z] [iam] checking project chatterbox-a6000 for permissions ["firebase.projects.get","firebasehosting.sites.update"]
[debug] [2024-10-14T14:00:59.277Z] Checked if tokens are valid: false, expires at: 1728913336034
[debug] [2024-10-14T14:00:59.278Z] Checked if tokens are valid: false, expires at: 1728913336034
[debug] [2024-10-14T14:00:59.279Z] > refreshing access token with scopes: []
[debug] [2024-10-14T14:00:59.283Z] >>> [apiv2][query] POST https://www.googleapis.com/oauth2/v3/token [none]
[debug] [2024-10-14T14:00:59.284Z] >>> [apiv2][body] POST https://www.googleapis.com/oauth2/v3/token [omitted]
[debug] [2024-10-14T14:01:01.254Z] <<< [apiv2][status] POST https://www.googleapis.com/oauth2/v3/token 200
[debug] [2024-10-14T14:01:01.255Z] <<< [apiv2][body] POST https://www.googleapis.com/oauth2/v3/token [omitted]
[debug] [2024-10-14T14:01:01.272Z] >>> [apiv2][query] POST https://cloudresourcemanager.googleapis.com/v1/projects/chatterbox-a6000:testIamPermissions [none]
[debug] [2024-10-14T14:01:01.273Z] >>> [apiv2][(partial)header] POST https://cloudresourcemanager.googleapis.com/v1/projects/chatterbox-a6000:testIamPermissions x-goog-quota-user=projects/chatterbox-a6000
[debug] [2024-10-14T14:01:01.273Z] >>> [apiv2][body] POST https://cloudresourcemanager.googleapis.com/v1/projects/chatterbox-a6000:testIamPermissions {"permissions":["firebase.projects.get","firebasehosting.sites.update"]}
